{"/home/amal/Documents/GitHub/portfolio-www.theodinproject.com/Full-Stack-JavaScript/JavaScript/Testing JavaScript/analyzeArray.js": {"path":"/home/amal/Documents/GitHub/portfolio-www.theodinproject.com/Full-Stack-JavaScript/JavaScript/Testing JavaScript/analyzeArray.js","all":false,"statementMap":{"0":{"start":{"line":1,"column":0},"end":{"line":1,"column":2}},"1":{"start":{"line":2,"column":0},"end":{"line":2,"column":132}},"2":{"start":{"line":3,"column":0},"end":{"line":3,"column":7}},"3":{"start":{"line":4,"column":0},"end":{"line":4,"column":2}},"4":{"start":{"line":5,"column":0},"end":{"line":5,"column":0}},"5":{"start":{"line":6,"column":0},"end":{"line":6,"column":46}},"6":{"start":{"line":7,"column":0},"end":{"line":7,"column":0}},"7":{"start":{"line":8,"column":0},"end":{"line":8,"column":14}},"8":{"start":{"line":9,"column":0},"end":{"line":9,"column":17}},"9":{"start":{"line":10,"column":0},"end":{"line":10,"column":13}},"10":{"start":{"line":11,"column":0},"end":{"line":11,"column":13}},"11":{"start":{"line":12,"column":0},"end":{"line":12,"column":15}},"12":{"start":{"line":13,"column":0},"end":{"line":13,"column":5}},"13":{"start":{"line":14,"column":0},"end":{"line":14,"column":0}},"14":{"start":{"line":15,"column":0},"end":{"line":15,"column":20}},"15":{"start":{"line":16,"column":0},"end":{"line":16,"column":31}},"16":{"start":{"line":17,"column":0},"end":{"line":17,"column":41}},"17":{"start":{"line":18,"column":0},"end":{"line":18,"column":59}},"18":{"start":{"line":19,"column":0},"end":{"line":19,"column":3}},"19":{"start":{"line":20,"column":0},"end":{"line":20,"column":0}},"20":{"start":{"line":21,"column":0},"end":{"line":21,"column":13}},"21":{"start":{"line":22,"column":0},"end":{"line":22,"column":23}},"22":{"start":{"line":23,"column":0},"end":{"line":23,"column":57}},"23":{"start":{"line":24,"column":0},"end":{"line":24,"column":55}},"24":{"start":{"line":25,"column":0},"end":{"line":25,"column":5}},"25":{"start":{"line":26,"column":0},"end":{"line":26,"column":50}},"26":{"start":{"line":27,"column":0},"end":{"line":27,"column":3}},"27":{"start":{"line":28,"column":0},"end":{"line":28,"column":0}},"28":{"start":{"line":29,"column":0},"end":{"line":29,"column":9}},"29":{"start":{"line":30,"column":0},"end":{"line":30,"column":46}},"30":{"start":{"line":31,"column":0},"end":{"line":31,"column":34}},"31":{"start":{"line":32,"column":0},"end":{"line":32,"column":3}},"32":{"start":{"line":33,"column":0},"end":{"line":33,"column":0}},"33":{"start":{"line":34,"column":0},"end":{"line":34,"column":9}},"34":{"start":{"line":35,"column":0},"end":{"line":35,"column":46}},"35":{"start":{"line":36,"column":0},"end":{"line":36,"column":63}},"36":{"start":{"line":37,"column":0},"end":{"line":37,"column":3}},"37":{"start":{"line":38,"column":0},"end":{"line":38,"column":0}},"38":{"start":{"line":39,"column":0},"end":{"line":39,"column":12}},"39":{"start":{"line":40,"column":0},"end":{"line":40,"column":37}},"40":{"start":{"line":41,"column":0},"end":{"line":41,"column":3}},"41":{"start":{"line":42,"column":0},"end":{"line":42,"column":0}},"42":{"start":{"line":43,"column":0},"end":{"line":43,"column":18}},"43":{"start":{"line":44,"column":0},"end":{"line":44,"column":28}},"44":{"start":{"line":45,"column":0},"end":{"line":45,"column":30}},"45":{"start":{"line":46,"column":0},"end":{"line":46,"column":22}},"46":{"start":{"line":47,"column":0},"end":{"line":47,"column":22}},"47":{"start":{"line":48,"column":0},"end":{"line":48,"column":28}},"48":{"start":{"line":49,"column":0},"end":{"line":49,"column":6}},"49":{"start":{"line":50,"column":0},"end":{"line":50,"column":26}},"50":{"start":{"line":51,"column":0},"end":{"line":51,"column":3}},"51":{"start":{"line":52,"column":0},"end":{"line":52,"column":1}},"52":{"start":{"line":53,"column":0},"end":{"line":53,"column":0}},"53":{"start":{"line":54,"column":0},"end":{"line":54,"column":24}}},"s":{"0":1,"1":1,"2":1,"3":1,"4":1,"5":1,"6":1,"7":1,"8":1,"9":1,"10":1,"11":1,"12":1,"13":1,"14":1,"15":1,"16":1,"17":1,"18":1,"19":1,"20":1,"21":2,"22":2,"23":12,"24":12,"25":2,"26":2,"27":1,"28":1,"29":2,"30":2,"31":2,"32":1,"33":1,"34":2,"35":2,"36":2,"37":1,"38":1,"39":2,"40":2,"41":1,"42":1,"43":1,"44":1,"45":1,"46":1,"47":1,"48":1,"49":1,"50":1,"51":1,"52":1,"53":1},"branchMap":{"0":{"type":"branch","line":16,"loc":{"start":{"line":16,"column":2},"end":{"line":19,"column":3}},"locations":[{"start":{"line":16,"column":2},"end":{"line":19,"column":3}}]},"1":{"type":"branch","line":21,"loc":{"start":{"line":21,"column":2},"end":{"line":27,"column":3}},"locations":[{"start":{"line":21,"column":2},"end":{"line":27,"column":3}}]},"2":{"type":"branch","line":23,"loc":{"start":{"line":23,"column":56},"end":{"line":25,"column":5}},"locations":[{"start":{"line":23,"column":56},"end":{"line":25,"column":5}}]},"3":{"type":"branch","line":29,"loc":{"start":{"line":29,"column":2},"end":{"line":32,"column":3}},"locations":[{"start":{"line":29,"column":2},"end":{"line":32,"column":3}}]},"4":{"type":"branch","line":30,"loc":{"start":{"line":30,"column":29},"end":{"line":30,"column":44}},"locations":[{"start":{"line":30,"column":29},"end":{"line":30,"column":44}}]},"5":{"type":"branch","line":34,"loc":{"start":{"line":34,"column":2},"end":{"line":37,"column":3}},"locations":[{"start":{"line":34,"column":2},"end":{"line":37,"column":3}}]},"6":{"type":"branch","line":35,"loc":{"start":{"line":35,"column":29},"end":{"line":35,"column":44}},"locations":[{"start":{"line":35,"column":29},"end":{"line":35,"column":44}}]},"7":{"type":"branch","line":39,"loc":{"start":{"line":39,"column":2},"end":{"line":41,"column":3}},"locations":[{"start":{"line":39,"column":2},"end":{"line":41,"column":3}}]},"8":{"type":"branch","line":43,"loc":{"start":{"line":43,"column":2},"end":{"line":51,"column":3}},"locations":[{"start":{"line":43,"column":2},"end":{"line":51,"column":3}}]}},"b":{"0":[1],"1":[2],"2":[12],"3":[2],"4":[10],"5":[2],"6":[17],"7":[2],"8":[1]},"fnMap":{"0":{"name":"analyzeArray","decl":{"start":{"line":16,"column":2},"end":{"line":19,"column":3}},"loc":{"start":{"line":16,"column":2},"end":{"line":19,"column":3}},"line":16},"1":{"name":"average","decl":{"start":{"line":21,"column":2},"end":{"line":27,"column":3}},"loc":{"start":{"line":21,"column":2},"end":{"line":27,"column":3}},"line":21},"2":{"name":"min","decl":{"start":{"line":29,"column":2},"end":{"line":32,"column":3}},"loc":{"start":{"line":29,"column":2},"end":{"line":32,"column":3}},"line":29},"3":{"name":"max","decl":{"start":{"line":34,"column":2},"end":{"line":37,"column":3}},"loc":{"start":{"line":34,"column":2},"end":{"line":37,"column":3}},"line":34},"4":{"name":"length","decl":{"start":{"line":39,"column":2},"end":{"line":41,"column":3}},"loc":{"start":{"line":39,"column":2},"end":{"line":41,"column":3}},"line":39},"5":{"name":"returnObject","decl":{"start":{"line":43,"column":2},"end":{"line":51,"column":3}},"loc":{"start":{"line":43,"column":2},"end":{"line":51,"column":3}},"line":43}},"f":{"0":1,"1":2,"2":2,"3":2,"4":2,"5":1}}
}
