TN:
SF:analyzeArray.js
FN:16,analyzeArray
FN:21,average
FN:29,min
FN:34,max
FN:39,length
FN:43,returnObject
FNF:6
FNH:6
FNDA:1,analyzeArray
FNDA:2,average
FNDA:2,min
FNDA:2,max
FNDA:2,length
FNDA:1,returnObject
DA:1,1
DA:2,1
DA:3,1
DA:4,1
DA:5,1
DA:6,1
DA:7,1
DA:8,1
DA:9,1
DA:10,1
DA:11,1
DA:12,1
DA:13,1
DA:14,1
DA:15,1
DA:16,1
DA:17,1
DA:18,1
DA:19,1
DA:20,1
DA:21,1
DA:22,2
DA:23,2
DA:24,12
DA:25,12
DA:26,2
DA:27,2
DA:28,1
DA:29,1
DA:30,2
DA:31,2
DA:32,2
DA:33,1
DA:34,1
DA:35,2
DA:36,2
DA:37,2
DA:38,1
DA:39,1
DA:40,2
DA:41,2
DA:42,1
DA:43,1
DA:44,1
DA:45,1
DA:46,1
DA:47,1
DA:48,1
DA:49,1
DA:50,1
DA:51,1
DA:52,1
DA:53,1
DA:54,1
LF:54
LH:54
BRDA:16,0,0,1
BRDA:21,1,0,2
BRDA:23,2,0,12
BRDA:29,3,0,2
BRDA:30,4,0,10
BRDA:34,5,0,2
BRDA:35,6,0,17
BRDA:39,7,0,2
BRDA:43,8,0,1
BRF:9
BRH:9
end_of_record
